<?xml version="1.0" encoding="utf-8"?><testsuites><testsuite name="pytest" errors="0" failures="0" skipped="0" tests="6" time="0.277" timestamp="2026-07-20T10:15:40.498537+09:00" hostname="502-1"><testcase classname="tests.test_branch_logic" name="test_pass_fail_branch[always_pass_judge-PASS]" time="0.004" /><testcase classname="tests.test_branch_logic" name="test_pass_fail_branch[always_fail_judge-FAIL]" time="0.004" /><testcase classname="tests.test_branch_logic" name="test_broken_judge_missing_fields" time="0.004" /><testcase classname="tests.test_fake_judge" name="test_good_answer_passes" time="0.067" /><testcase classname="tests.test_fake_judge" name="test_vague_answer_fails" time="0.058" /><testcase classname="tests.test_fake_judge" name="test_fake_judge_returns_json" time="0.063" /></testsuite></testsuites>