<?xml version="1.0" encoding="utf-8"?><testsuites><testsuite name="pytest" errors="0" failures="0" skipped="0" tests="5" time="0.284" timestamp="2026-07-20T10:10:31.583116+09:00" hostname="502-1"><testcase classname="tests.test_branch_logic" name="test_pass_fail_branch[always_pass_judge-PASS]" time="0.010" /><testcase classname="tests.test_branch_logic" name="test_pass_fail_branch[always_fail_judge-FAIL]" time="0.003" /><testcase classname="tests.test_fake_judge" name="test_good_answer_passes" time="0.057" /><testcase classname="tests.test_fake_judge" name="test_vague_answer_fails" time="0.065" /><testcase classname="tests.test_fake_judge" name="test_fake_judge_returns_json" time="0.074" /></testsuite></testsuites>